# JRE version: OpenJDK Runtime Environment (17.0.6) (build 17.0.6+0-b2043.56-10027231)
# Java VM: OpenJDK 64-Bit Server VM (17.0.6+0-b2043.56-10027231, mixed mode, tiered, compressed oops, compressed class ptrs, g1 gc, windows-amd64)
GC Precious Log:
 CPUs: 4 total, 4 available
 Memory: 12174M
 Large Page Support: Disabled
 NUMA Support: Disabled
 Compressed Oops: Enabled (32-bit)
 Heap Region Size: 1M
 Heap Min Capacity: 8M
 Heap Initial Capacity: 192M
 Heap Max Capacity: 2G
 Pre-touch: Disabled
 Parallel Workers: 4
 Concurrent Workers: 1
 Concurrent Refinement Workers: 4
 Periodic GC: Disabled
Heap:
 garbage-first heap   total 301056K, used 238592K [0x0000000080000000, 0x0000000100000000)
  region size 1024K, 11 young (11264K), 4 survivors (4096K)
 Metaspace       used 118846K, committed 119936K, reserved 1155072K
  class space    used 15561K, committed 16128K, reserved 1048576K
GC Heap History (20 events):
Event: 21.776 GC heap before
{Heap before GC invocations=49 (full 0):
 garbage-first heap   total 250880K, used 226924K [0x0000000080000000, 0x0000000100000000)
  region size 1024K, 54 young (55296K), 5 survivors (5120K)
 Metaspace       used 90876K, committed 91648K, reserved 1130496K
  class space    used 12258K, committed 12608K, reserved 1048576K
}
Event: 21.784 GC heap after
{Heap after GC invocations=50 (full 0):
 garbage-first heap   total 250880K, used 175370K [0x0000000080000000, 0x0000000100000000)
  region size 1024K, 7 young (7168K), 7 survivors (7168K)
 Metaspace       used 90876K, committed 91648K, reserved 1130496K
  class space    used 12258K, committed 12608K, reserved 1048576K
}
Event: 22.331 GC heap before
{Heap before GC invocations=50 (full 0):
 garbage-first heap   total 250880K, used 212234K [0x0000000080000000, 0x0000000100000000)
  region size 1024K, 43 young (44032K), 7 survivors (7168K)
 Metaspace       used 94552K, committed 95296K, reserved 1138688K
  class space    used 12654K, committed 12992K, reserved 1048576K
}
Event: 22.344 GC heap after
{Heap after GC invocations=51 (full 0):
 garbage-first heap   total 250880K, used 170662K [0x0000000080000000, 0x0000000100000000)
  region size 1024K, 6 young (6144K), 6 survivors (6144K)
 Metaspace       used 94552K, committed 95296K, reserved 1138688K
  class space    used 12654K, committed 12992K, reserved 1048576K
}
Event: 23.329 GC heap before
{Heap before GC invocations=51 (full 0):
 garbage-first heap   total 250880K, used 209574K [0x0000000080000000, 0x0000000100000000)
  region size 1024K, 44 young (45056K), 6 survivors (6144K)
 Metaspace       used 100480K, committed 101248K, reserved 1138688K
  class space    used 13456K, committed 13824K, reserved 1048576K
}
Event: 23.340 GC heap after
{Heap after GC invocations=52 (full 0):
 garbage-first heap   total 301056K, used 174205K [0x0000000080000000, 0x0000000100000000)
  region size 1024K, 4 young (4096K), 4 survivors (4096K)
 Metaspace       used 100480K, committed 101248K, reserved 1138688K
  class space    used 13456K, committed 13824K, reserved 1048576K
}
Event: 24.567 GC heap before
{Heap before GC invocations=52 (full 0):
 garbage-first heap   total 301056K, used 244861K [0x0000000080000000, 0x0000000100000000)
  region size 1024K, 74 young (75776K), 4 survivors (4096K)
 Metaspace       used 103009K, committed 103936K, reserved 1146880K
  class space    used 13724K, committed 14144K, reserved 1048576K
}
Event: 24.579 GC heap after
{Heap after GC invocations=53 (full 0):
 garbage-first heap   total 301056K, used 179715K [0x0000000080000000, 0x0000000100000000)
  region size 1024K, 9 young (9216K), 9 survivors (9216K)
 Metaspace       used 103009K, committed 103936K, reserved 1146880K
  class space    used 13724K, committed 14144K, reserved 1048576K
}
Event: 25.554 GC heap before
{Heap before GC invocations=53 (full 0):
 garbage-first heap   total 301056K, used 248323K [0x0000000080000000, 0x0000000100000000)
  region size 1024K, 76 young (77824K), 9 survivors (9216K)
 Metaspace       used 107022K, committed 107904K, reserved 1146880K
  class space    used 14220K, committed 14656K, reserved 1048576K
}
Event: 25.570 GC heap after
{Heap after GC invocations=54 (full 0):
 garbage-first heap   total 301056K, used 184873K [0x0000000080000000, 0x0000000100000000)
  region size 1024K, 6 young (6144K), 6 survivors (6144K)
 Metaspace       used 107022K, committed 107904K, reserved 1146880K
  class space    used 14220K, committed 14656K, reserved 1048576K
}
Event: 95.807 GC heap before
{Heap before GC invocations=54 (full 0):
 garbage-first heap   total 301056K, used 249385K [0x0000000080000000, 0x0000000100000000)
  region size 1024K, 70 young (71680K), 6 survivors (6144K)
 Metaspace       used 112141K, committed 113088K, reserved 1155072K
  class space    used 14719K, committed 15168K, reserved 1048576K
}
Event: 95.818 GC heap after
{Heap after GC invocations=55 (full 0):
 garbage-first heap   total 301056K, used 188513K [0x0000000080000000, 0x0000000100000000)
  region size 1024K, 4 young (4096K), 4 survivors (4096K)
 Metaspace       used 112141K, committed 113088K, reserved 1155072K
  class space    used 14719K, committed 15168K, reserved 1048576K
}
Event: 96.871 GC heap before
{Heap before GC invocations=55 (full 0):
 garbage-first heap   total 301056K, used 253025K [0x0000000080000000, 0x0000000100000000)
  region size 1024K, 67 young (68608K), 4 survivors (4096K)
 Metaspace       used 113771K, committed 114752K, reserved 1155072K
  class space    used 14921K, committed 15424K, reserved 1048576K
}
Event: 96.887 GC heap after
{Heap after GC invocations=56 (full 0):
 garbage-first heap   total 301056K, used 197632K [0x0000000080000000, 0x0000000100000000)
  region size 1024K, 9 young (9216K), 9 survivors (9216K)
 Metaspace       used 113771K, committed 114752K, reserved 1155072K
  class space    used 14921K, committed 15424K, reserved 1048576K
}
Event: 98.191 GC heap before
{Heap before GC invocations=56 (full 0):
 garbage-first heap   total 301056K, used 252928K [0x0000000080000000, 0x0000000100000000)
  region size 1024K, 64 young (65536K), 9 survivors (9216K)
 Metaspace       used 117930K, committed 118976K, reserved 1155072K
  class space    used 15513K, committed 16000K, reserved 1048576K
}
Event: 98.208 GC heap after
{Heap after GC invocations=57 (full 0):
 garbage-first heap   total 301056K, used 203324K [0x0000000080000000, 0x0000000100000000)
  region size 1024K, 6 young (6144K), 6 survivors (6144K)
 Metaspace       used 117930K, committed 118976K, reserved 1155072K
  class space    used 15513K, committed 16000K, reserved 1048576K
}
Event: 99.090 GC heap before
{Heap before GC invocations=57 (full 0):
 garbage-first heap   total 301056K, used 262716K [0x0000000080000000, 0x0000000100000000)
  region size 1024K, 56 young (57344K), 6 survivors (6144K)
 Metaspace       used 118384K, committed 119360K, reserved 1155072K
  class space    used 15525K, committed 16000K, reserved 1048576K
}
Event: 99.114 GC heap after
{Heap after GC invocations=58 (full 0):
 garbage-first heap   total 301056K, used 227328K [0x0000000080000000, 0x0000000100000000)
  region size 1024K, 7 young (7168K), 7 survivors (7168K)
 Metaspace       used 118384K, committed 119360K, reserved 1155072K
  class space    used 15525K, committed 16000K, reserved 1048576K
}
Event: 99.868 GC heap before
{Heap before GC invocations=58 (full 0):
 garbage-first heap   total 301056K, used 259072K [0x0000000080000000, 0x0000000100000000)
  region size 1024K, 31 young (31744K), 7 survivors (7168K)
 Metaspace       used 118806K, committed 119936K, reserved 1155072K
  class space    used 15559K, committed 16128K, reserved 1048576K
}
Event: 99.885 GC heap after
{Heap after GC invocations=59 (full 0):
 garbage-first heap   total 301056K, used 232448K [0x0000000080000000, 0x0000000100000000)
  region size 1024K, 4 young (4096K), 4 survivors (4096K)
 Metaspace       used 118806K, committed 119936K, reserved 1155072K
  class space    used 15559K, committed 16128K, reserved 1048576K
}

